0 info it worked if it ends with ok
1 verbose cli [ 'node', '/usr/local/bin/npm', 'install', '-g', 'karma' ]
2 info using npm@1.4.28
3 info using node@v0.10.32
4 verbose cache add [ 'karma', null ]
5 verbose cache add name=undefined spec="karma" args=["karma",null]
6 verbose parsed url { protocol: null,
6 verbose parsed url   slashes: null,
6 verbose parsed url   auth: null,
6 verbose parsed url   host: null,
6 verbose parsed url   port: null,
6 verbose parsed url   hostname: null,
6 verbose parsed url   hash: null,
6 verbose parsed url   search: null,
6 verbose parsed url   query: null,
6 verbose parsed url   pathname: 'karma',
6 verbose parsed url   path: 'karma',
6 verbose parsed url   href: 'karma' }
7 silly lockFile 512423cb-karma karma
8 verbose lock karma /Users/gouravjeet/.npm/512423cb-karma.lock
9 silly lockFile 512423cb-karma karma
10 silly lockFile 512423cb-karma karma
11 verbose addNamed [ 'karma', '' ]
12 verbose addNamed [ null, '*' ]
13 silly lockFile cd7961bb-karma karma@
14 verbose lock karma@ /Users/gouravjeet/.npm/cd7961bb-karma.lock
15 silly addNameRange { name: 'karma', range: '*', hasData: false }
16 verbose request where is /karma
17 verbose request registry https://registry.npmjs.org/
18 verbose request id 953d329a2b01d9c9
19 verbose url raw /karma
20 verbose url resolving [ 'https://registry.npmjs.org/', './karma' ]
21 verbose url resolved https://registry.npmjs.org/karma
22 verbose request where is https://registry.npmjs.org/karma
23 info trying registry request attempt 1 at 00:10:05
24 verbose etag "4X4OA239GJ771OM7MMEB976L6"
25 http GET https://registry.npmjs.org/karma
26 http 200 https://registry.npmjs.org/karma
27 silly registry.get cb [ 200,
27 silly registry.get   { date: 'Mon, 23 Feb 2015 05:10:06 GMT',
27 silly registry.get     server: 'CouchDB/1.5.0 (Erlang OTP/R16B03)',
27 silly registry.get     etag: '"8OR2AQVB9DKHVNUPEC0D949Q5"',
27 silly registry.get     'content-type': 'application/json',
27 silly registry.get     'cache-control': 'max-age=60',
27 silly registry.get     'content-length': '667780',
27 silly registry.get     'accept-ranges': 'bytes',
27 silly registry.get     via: '1.1 varnish',
27 silly registry.get     age: '1',
27 silly registry.get     'x-served-by': 'cache-dfw1828-DFW',
27 silly registry.get     'x-cache': 'HIT',
27 silly registry.get     'x-cache-hits': '1',
27 silly registry.get     'x-timer': 'S1424668206.230944,VS0,VE2',
27 silly registry.get     vary: 'Accept',
27 silly registry.get     'keep-alive': 'timeout=10, max=50',
27 silly registry.get     connection: 'Keep-Alive' } ]
28 silly addNameRange number 2 { name: 'karma', range: '*', hasData: true }
29 silly addNameRange versions [ 'karma',
29 silly addNameRange   [ '0.8.0',
29 silly addNameRange     '0.9.0-dart',
29 silly addNameRange     '0.8.1',
29 silly addNameRange     '0.8.2',
29 silly addNameRange     '0.8.3',
29 silly addNameRange     '0.9.0',
29 silly addNameRange     '0.8.4',
29 silly addNameRange     '0.9.1',
29 silly addNameRange     '0.8.5',
29 silly addNameRange     '0.9.2',
29 silly addNameRange     '0.9.2-dart',
29 silly addNameRange     '0.9.3',
29 silly addNameRange     '0.8.6',
29 silly addNameRange     '0.9.4',
29 silly addNameRange     '0.8.7',
29 silly addNameRange     '0.9.5',
29 silly addNameRange     '0.9.6',
29 silly addNameRange     '0.8.8',
29 silly addNameRange     '0.9.7',
29 silly addNameRange     '0.9.8',
29 silly addNameRange     '0.10.0',
29 silly addNameRange     '0.10.1',
29 silly addNameRange     '0.10.2',
29 silly addNameRange     '0.11.0',
29 silly addNameRange     '0.11.1',
29 silly addNameRange     '0.10.3',
29 silly addNameRange     '0.10.4',
29 silly addNameRange     '0.11.2',
29 silly addNameRange     '0.11.3',
29 silly addNameRange     '0.10.5',
29 silly addNameRange     '0.11.4',
29 silly addNameRange     '0.11.5',
29 silly addNameRange     '0.10.6',
29 silly addNameRange     '0.11.6',
29 silly addNameRange     '0.10.7',
29 silly addNameRange     '0.11.7',
29 silly addNameRange     '0.11.8',
29 silly addNameRange     '0.11.9',
29 silly addNameRange     '0.10.8',
29 silly addNameRange     '0.11.10',
29 silly addNameRange     '0.11.11',
29 silly addNameRange     '0.11.12',
29 silly addNameRange     '0.11.11-dev',
29 silly addNameRange     '0.10.9',
29 silly addNameRange     '0.11.12-dev',
29 silly addNameRange     '0.11.12-dev2',
29 silly addNameRange     '0.11.13',
29 silly addNameRange     '0.11.14',
29 silly addNameRange     '0.12.0',
29 silly addNameRange     '0.10.10',
29 silly addNameRange     '0.12.1',
29 silly addNameRange     '0.12.2',
29 silly addNameRange     '0.12.3',
29 silly addNameRange     '0.12.4',
29 silly addNameRange     '0.12.5',
29 silly addNameRange     '0.12.6',
29 silly addNameRange     '0.12.6-beta-43e6e28',
29 silly addNameRange     '0.12.7',
29 silly addNameRange     '0.12.8',
29 silly addNameRange     '0.12.9',
29 silly addNameRange     '0.12.10',
29 silly addNameRange     '0.12.11',
29 silly addNameRange     '0.12.12',
29 silly addNameRange     '0.12.11-beta-3029418',
29 silly addNameRange     '0.12.13',
29 silly addNameRange     '0.12.14',
29 silly addNameRange     '0.12.15',
29 silly addNameRange     '0.12.16',
29 silly addNameRange     '0.12.16-beta-905422d',
29 silly addNameRange     '0.12.17',
29 silly addNameRange     '0.12.18',
29 silly addNameRange     '0.12.19',
29 silly addNameRange     '0.12.20',
29 silly addNameRange     '0.12.21',
29 silly addNameRange     '0.12.22',
29 silly addNameRange     '0.12.23',
29 silly addNameRange     '0.12.24',
29 silly addNameRange     '0.12.24-beta-6cf7955',
29 silly addNameRange     '0.12.25',
29 silly addNameRange     '0.12.25-beta-37a7958',
29 silly addNameRange     '0.12.25-beta-ad5bc24',
29 silly addNameRange     '0.12.26',
29 silly addNameRange     '0.12.27',
29 silly addNameRange     '0.12.28',
29 silly addNameRange     '0.12.28-beta-b9be580',
29 silly addNameRange     '0.12.29',
29 silly addNameRange     '0.12.30',
29 silly addNameRange     '0.12.31',
29 silly addNameRange     '0.12.28-beta-f65c864',
29 silly addNameRange     '0.12.24-dev-test',
29 silly addNameRange     '0.12.24-dev-socketio10',
29 silly addNameRange     '0.12.24-dev-socketio10-2' ] ]
30 verbose addNamed [ 'karma', '0.12.31' ]
31 verbose addNamed [ '0.12.31', '0.12.31' ]
32 silly lockFile feea9de1-karma-0-12-31 karma@0.12.31
33 verbose lock karma@0.12.31 /Users/gouravjeet/.npm/feea9de1-karma-0-12-31.lock
34 silly lockFile feea9de1-karma-0-12-31 karma@0.12.31
35 silly lockFile feea9de1-karma-0-12-31 karma@0.12.31
36 silly lockFile cd7961bb-karma karma@
37 silly lockFile cd7961bb-karma karma@
38 silly resolved [ { name: 'karma',
38 silly resolved     description: 'Spectacular Test Runner for JavaScript.',
38 silly resolved     homepage: 'http://karma-runner.github.io/',
38 silly resolved     repository: { type: 'git', url: 'git://github.com/karma-runner/karma.git' },
38 silly resolved     bugs: { url: 'https://github.com/karma-runner/karma/issues' },
38 silly resolved     keywords:
38 silly resolved      [ 'karma',
38 silly resolved        'spectacular',
38 silly resolved        'runner',
38 silly resolved        'karma',
38 silly resolved        'js',
38 silly resolved        'javascript',
38 silly resolved        'testing',
38 silly resolved        'test',
38 silly resolved        'remote',
38 silly resolved        'execution' ],
38 silly resolved     author: { name: 'Vojta Jína', email: 'vojta.jina@gmail.com' },
38 silly resolved     contributors:
38 silly resolved      [ [Object],
38 silly resolved        [Object],
38 silly resolved        [Object],
38 silly resolved        [Object],
38 silly resolved        [Object],
38 silly resolved        [Object],
38 silly resolved        [Object],
38 silly resolved        [Object],
38 silly resolved        [Object],
38 silly resolved        [Object],
38 silly resolved        [Object],
38 silly resolved        [Object],
38 silly resolved        [Object],
38 silly resolved        [Object],
38 silly resolved        [Object],
38 silly resolved        [Object],
38 silly resolved        [Object],
38 silly resolved        [Object],
38 silly resolved        [Object],
38 silly resolved        [Object],
38 silly resolved        [Object],
38 silly resolved        [Object],
38 silly resolved        [Object],
38 silly resolved        [Object],
38 silly resolved        [Object],
38 silly resolved        [Object],
38 silly resolved        [Object],
38 silly resolved        [Object],
38 silly resolved        [Object],
38 silly resolved        [Object],
38 silly resolved        [Object],
38 silly resolved        [Object],
38 silly resolved        [Object],
38 silly resolved        [Object],
38 silly resolved        [Object],
38 silly resolved        [Object],
38 silly resolved        [Object],
38 silly resolved        [Object],
38 silly resolved        [Object],
38 silly resolved        [Object],
38 silly resolved        [Object],
38 silly resolved        [Object],
38 silly resolved        [Object],
38 silly resolved        [Object],
38 silly resolved        [Object],
38 silly resolved        [Object],
38 silly resolved        [Object],
38 silly resolved        [Object],
38 silly resolved        [Object],
38 silly resolved        [Object],
38 silly resolved        [Object],
38 silly resolved        [Object],
38 silly resolved        [Object],
38 silly resolved        [Object],
38 silly resolved        [Object],
38 silly resolved        [Object],
38 silly resolved        [Object],
38 silly resolved        [Object],
38 silly resolved        [Object],
38 silly resolved        [Object],
38 silly resolved        [Object],
38 silly resolved        [Object],
38 silly resolved        [Object],
38 silly resolved        [Object],
38 silly resolved        [Object],
38 silly resolved        [Object],
38 silly resolved        [Object],
38 silly resolved        [Object],
38 silly resolved        [Object],
38 silly resolved        [Object],
38 silly resolved        [Object],
38 silly resolved        [Object],
38 silly resolved        [Object],
38 silly resolved        [Object],
38 silly resolved        [Object],
38 silly resolved        [Object],
38 silly resolved        [Object],
38 silly resolved        [Object],
38 silly resolved        [Object],
38 silly resolved        [Object],
38 silly resolved        [Object],
38 silly resolved        [Object],
38 silly resolved        [Object],
38 silly resolved        [Object],
38 silly resolved        [Object],
38 silly resolved        [Object],
38 silly resolved        [Object],
38 silly resolved        [Object],
38 silly resolved        [Object],
38 silly resolved        [Object],
38 silly resolved        [Object],
38 silly resolved        [Object],
38 silly resolved        [Object],
38 silly resolved        [Object],
38 silly resolved        [Object],
38 silly resolved        [Object],
38 silly resolved        [Object],
38 silly resolved        [Object],
38 silly resolved        [Object],
38 silly resolved        [Object],
38 silly resolved        [Object],
38 silly resolved        [Object],
38 silly resolved        [Object],
38 silly resolved        [Object],
38 silly resolved        [Object],
38 silly resolved        [Object],
38 silly resolved        [Object],
38 silly resolved        [Object],
38 silly resolved        [Object],
38 silly resolved        [Object],
38 silly resolved        [Object],
38 silly resolved        [Object],
38 silly resolved        [Object],
38 silly resolved        [Object],
38 silly resolved        [Object],
38 silly resolved        [Object],
38 silly resolved        [Object],
38 silly resolved        [Object],
38 silly resolved        [Object],
38 silly resolved        [Object],
38 silly resolved        [Object],
38 silly resolved        [Object],
38 silly resolved        [Object],
38 silly resolved        [Object],
38 silly resolved        [Object],
38 silly resolved        [Object],
38 silly resolved        [Object],
38 silly resolved        [Object],
38 silly resolved        [Object],
38 silly resolved        [Object],
38 silly resolved        [Object],
38 silly resolved        [Object],
38 silly resolved        [Object],
38 silly resolved        [Object],
38 silly resolved        [Object],
38 silly resolved        [Object],
38 silly resolved        [Object] ],
38 silly resolved     dependencies:
38 silly resolved      { di: '~0.0.1',
38 silly resolved        'socket.io': '0.9.16',
38 silly resolved        chokidar: '>=0.8.2',
38 silly resolved        glob: '~3.2.7',
38 silly resolved        minimatch: '~0.2',
38 silly resolved        'http-proxy': '~0.10',
38 silly resolved        optimist: '~0.6.0',
38 silly resolved        rimraf: '~2.2.5',
38 silly resolved        q: '~0.9.7',
38 silly resolved        colors: '~0.6.2',
38 silly resolved        lodash: '~2.4.1',
38 silly resolved        mime: '~1.2.11',
38 silly resolved        log4js: '~0.6.3',
38 silly resolved        useragent: '~2.0.4',
38 silly resolved        'graceful-fs': '~2.0.1',
38 silly resolved        connect: '~2.26.0',
38 silly resolved        'source-map': '~0.1.31' },
38 silly resolved     devDependencies:
38 silly resolved      { grunt: '~0.4',
38 silly resolved        'grunt-simple-mocha': '*',
38 silly resolved        'grunt-contrib-jshint': '~0.10.0',
38 silly resolved        'grunt-contrib-watch': '~0.6.1',
38 silly resolved        'grunt-coffeelint': '~0.0.6',
38 silly resolved        'grunt-npm': '~0.0.1',
38 silly resolved        'grunt-bump': '~0.0.10',
38 silly resolved        'grunt-conventional-changelog': '~1.1.0',
38 silly resolved        'grunt-auto-release': '~0.0.3',
38 silly resolved        'grunt-browserify': '~2.1.3',
38 silly resolved        'load-grunt-tasks': '~0.6.0',
38 silly resolved        mocks: '~0.0.10',
38 silly resolved        which: '~1.0',
38 silly resolved        mocha: '~1.20.1',
38 silly resolved        chai: '~1.9.1',
38 silly resolved        'chai-as-promised': '~4.1.0',
38 silly resolved        sinon: '~1.10.3',
38 silly resolved        'sinon-chai': '~2.5.0',
38 silly resolved        'timer-shim': '~0.3.0',
38 silly resolved        'karma-jasmine': '~0.1.0',
38 silly resolved        'karma-mocha': '*',
38 silly resolved        'karma-qunit': '*',
38 silly resolved        'karma-coverage': '*',
38 silly resolved        'karma-requirejs': '*',
38 silly resolved        'karma-commonjs': '*',
38 silly resolved        'karma-growl-reporter': '*',
38 silly resolved        'karma-junit-reporter': '*',
38 silly resolved        'karma-chrome-launcher': '*',
38 silly resolved        'karma-firefox-launcher': '*',
38 silly resolved        'karma-sauce-launcher': '*',
38 silly resolved        'karma-phantomjs-launcher': '*',
38 silly resolved        'karma-ng-scenario': '*',
38 silly resolved        'karma-coffee-preprocessor': '*',
38 silly resolved        'karma-live-preprocessor': '*',
38 silly resolved        'karma-html2js-preprocessor': '*',
38 silly resolved        'karma-browserstack-launcher': '*',
38 silly resolved        LiveScript: '~1.2.0',
38 silly resolved        'coffee-errors': '~0.8.6',
38 silly resolved        'coffee-script': '~1.7.1',
38 silly resolved        'grunt-jscs-checker': '~0.6.1' },
38 silly resolved     main: './lib/index',
38 silly resolved     bin: {},
38 silly resolved     engines: { node: '~0.8 || ~0.10' },
38 silly resolved     version: '0.12.31',
38 silly resolved     license: 'MIT',
38 silly resolved     gitHead: '6d2e4a7751a04284ce0836eba72cbe844933be9e',
38 silly resolved     _id: 'karma@0.12.31',
38 silly resolved     scripts: {},
38 silly resolved     _shasum: '806aa7c2acb13a39edb9374a7a477e643a5e94c9',
38 silly resolved     _from: 'karma@',
38 silly resolved     _npmVersion: '2.1.17',
38 silly resolved     _nodeVersion: '0.10.35',
38 silly resolved     _npmUser: { name: 'karmarunnerbot', email: 'karmarunnerbot@gmail.com' },
38 silly resolved     maintainers: [ [Object], [Object] ],
38 silly resolved     dist:
38 silly resolved      { shasum: '806aa7c2acb13a39edb9374a7a477e643a5e94c9',
38 silly resolved        tarball: 'http://registry.npmjs.org/karma/-/karma-0.12.31.tgz' },
38 silly resolved     directories: {},
38 silly resolved     _resolved: 'https://registry.npmjs.org/karma/-/karma-0.12.31.tgz',
38 silly resolved     readme: 'ERROR: No README data found!' } ]
39 info install karma@0.12.31 into /usr/local/lib
40 info installOne karma@0.12.31
41 verbose lib/node_modules/karma unbuild
42 verbose tar unpack /Users/gouravjeet/.npm/karma/0.12.31/package.tgz
43 silly lockFile 17d8f24c-usr-local-lib-node-modules-karma tar:///usr/local/lib/node_modules/karma
44 verbose lock tar:///usr/local/lib/node_modules/karma /Users/gouravjeet/.npm/17d8f24c-usr-local-lib-node-modules-karma.lock
45 silly lockFile b083947f-et-npm-karma-0-12-31-package-tgz tar:///Users/gouravjeet/.npm/karma/0.12.31/package.tgz
46 verbose lock tar:///Users/gouravjeet/.npm/karma/0.12.31/package.tgz /Users/gouravjeet/.npm/b083947f-et-npm-karma-0-12-31-package-tgz.lock
47 silly gunzTarPerm modes [ '755', '644' ]
48 error Error: EACCES, mkdir '/usr/local/lib/node_modules/karma'
48 error  { [Error: EACCES, mkdir '/usr/local/lib/node_modules/karma']
48 error   errno: 3,
48 error   code: 'EACCES',
48 error   path: '/usr/local/lib/node_modules/karma',
48 error   fstream_type: 'Directory',
48 error   fstream_path: '/usr/local/lib/node_modules/karma',
48 error   fstream_class: 'DirWriter',
48 error   fstream_stack:
48 error    [ '/usr/local/lib/node_modules/npm/node_modules/fstream/lib/dir-writer.js:36:23',
48 error      '/usr/local/lib/node_modules/npm/node_modules/mkdirp/index.js:46:53',
48 error      'Object.oncomplete (fs.js:107:15)' ] }
49 error Please try running this command again as root/Administrator.
50 error System Darwin 14.1.0
51 error command "node" "/usr/local/bin/npm" "install" "-g" "karma"
52 error cwd /Users/gouravjeet/Documents/Portal
53 error node -v v0.10.32
54 error npm -v 1.4.28
55 error path /usr/local/lib/node_modules/karma
56 error fstream_path /usr/local/lib/node_modules/karma
57 error fstream_type Directory
58 error fstream_class DirWriter
59 error code EACCES
60 error errno 3
61 error stack Error: EACCES, mkdir '/usr/local/lib/node_modules/karma'
62 error fstream_stack /usr/local/lib/node_modules/npm/node_modules/fstream/lib/dir-writer.js:36:23
62 error fstream_stack /usr/local/lib/node_modules/npm/node_modules/mkdirp/index.js:46:53
62 error fstream_stack Object.oncomplete (fs.js:107:15)
63 verbose exit [ 3, true ]
